<?xml version="1.0" encoding="UTF-8"?>
<robot generator="Robot 7.3.2 (Python 3.13.1 on win32)" generated="2025-07-16T20:08:55.108037" rpa="false" schemaversion="5">
<suite id="s1" name="Agnos test" source="c:\Users\tanak\OneDrive\Desktop\Agnos repo\Agnos-test-script\Agnos_test.robot">
<test id="s1-t1" name="TC001_Login_To_Dashboard" line="8">
<kw name="Go to login page and login to dashboard" owner="keyword">
<kw name="Open Browser" owner="SeleniumLibrary">
<msg time="2025-07-16T20:08:55.991722" level="INFO">Opening browser 'chrome' to base url 'https://dev.app.agnoshealth.com/ai_dashboard/login/'.</msg>
<arg>${URL_LOGIN}</arg>
<arg>${BROWSER}</arg>
<doc>Opens a new browser instance to the optional ``url``.</doc>
<status status="PASS" start="2025-07-16T20:08:55.990611" elapsed="3.912833"/>
</kw>
<kw name="Maximize Browser Window" owner="SeleniumLibrary">
<doc>Maximizes current browser window.</doc>
<status status="PASS" start="2025-07-16T20:08:59.905382" elapsed="0.132748"/>
</kw>
<kw name="Click Element" owner="SeleniumLibrary">
<msg time="2025-07-16T20:09:00.041813" level="INFO">Clicking element 'xpath=//*[@id="Email"]'.</msg>
<arg>${Email_Field}</arg>
<doc>Click the element identified by ``locator``.</doc>
<status status="PASS" start="2025-07-16T20:09:00.039457" elapsed="0.494159"/>
</kw>
<kw name="Input Text" owner="SeleniumLibrary">
<msg time="2025-07-16T20:09:00.536953" level="INFO">Typing text 'test@gmail.com' into text field 'xpath=//*[@id="Email"]'.</msg>
<arg>${Email_Field}</arg>
<arg>test@gmail.com</arg>
<doc>Types the given ``text`` into the text field identified by ``locator``.</doc>
<status status="PASS" start="2025-07-16T20:09:00.535046" elapsed="0.419173"/>
</kw>
<kw name="Click Element" owner="SeleniumLibrary">
<msg time="2025-07-16T20:09:00.956922" level="INFO">Clicking element 'xpath=//*[@id="password"]'.</msg>
<arg>${Password_Field}</arg>
<doc>Click the element identified by ``locator``.</doc>
<status status="PASS" start="2025-07-16T20:09:00.955626" elapsed="0.162825"/>
</kw>
<kw name="Input Text" owner="SeleniumLibrary">
<msg time="2025-07-16T20:09:01.120963" level="INFO">Typing text '12345' into text field 'xpath=//*[@id="password"]'.</msg>
<arg>${Password_Field}</arg>
<arg>12345</arg>
<doc>Types the given ``text`` into the text field identified by ``locator``.</doc>
<status status="PASS" start="2025-07-16T20:09:01.119484" elapsed="0.169087"/>
</kw>
<kw name="Click Element" owner="SeleniumLibrary">
<msg time="2025-07-16T20:09:01.290148" level="INFO">Clicking element 'xpath=//*[@id="root"]/div/div/div/div[2]/div[3]/button'.</msg>
<arg>${Signin_Button}</arg>
<doc>Click the element identified by ``locator``.</doc>
<status status="PASS" start="2025-07-16T20:09:01.289271" elapsed="0.150588"/>
</kw>
<status status="PASS" start="2025-07-16T20:08:55.986528" elapsed="5.454130"/>
</kw>
<kw name="Verify Login Success" owner="keyword">
<kw name="Wait Until Page Contains Element" owner="SeleniumLibrary">
<arg>xpath=//*[@id="root"]/div/div[1]/aside/div/div/div/div</arg>
<doc>Waits until the element ``locator`` appears on the current page.</doc>
<status status="PASS" start="2025-07-16T20:09:01.443979" elapsed="0.559866"/>
</kw>
<kw name="Page Should Contain Element" owner="SeleniumLibrary">
<msg time="2025-07-16T20:09:02.017860" level="INFO">Current page contains element 'xpath=//*[@id="root"]/div/div[1]/aside/div/div/div/div'.</msg>
<arg>xpath=//*[@id="root"]/div/div[1]/aside/div/div/div/div</arg>
<doc>Verifies that element ``locator`` is found on the current page.</doc>
<status status="PASS" start="2025-07-16T20:09:02.004411" elapsed="0.013987"/>
</kw>
<kw name="Wait Until Page Contains Element" owner="SeleniumLibrary">
<arg>xpath=//body</arg>
<arg>timeout=10</arg>
<doc>Waits until the element ``locator`` appears on the current page.</doc>
<status status="PASS" start="2025-07-16T20:09:02.018834" elapsed="0.062518"/>
</kw>
<status status="PASS" start="2025-07-16T20:09:01.442079" elapsed="0.640252"/>
</kw>
<doc>This test case logs in to the dashboard.</doc>
<tag>login</tag>
<status status="PASS" start="2025-07-16T20:08:55.983969" elapsed="6.099493"/>
</test>
<status status="PASS" start="2025-07-16T20:08:55.123655" elapsed="6.962524"/>
</suite>
<statistics>
<total>
<stat pass="1" fail="0" skip="0">All Tests</stat>
</total>
<tag>
<stat pass="1" fail="0" skip="0">login</stat>
</tag>
<suite>
<stat name="Agnos test" id="s1" pass="1" fail="0" skip="0">Agnos test</stat>
</suite>
</statistics>
<errors>
<msg time="2025-07-16T20:08:55.978117" level="ERROR">Error in file 'c:\Users\tanak\OneDrive\Desktop\Agnos repo\Agnos-test-script\Agnos_test.robot' on line 5: Processing variable file 'Locators/Locator.robot' failed: Importing variable file 'Locators/Locator.robot' failed: ModuleNotFoundError: No module named 'Locators/Locator'
Traceback (most recent call last):
  None
PYTHONPATH:
  c:\Users\tanak\.vscode\extensions\robocorp.robotframework-lsp-1.13.0\src\robotframework_debug_adapter
  C:\Users\tanak\OneDrive\Desktop\Agnos repo\Agnos-test-script
  c:\Users\tanak\.vscode\extensions\robocorp.robotframework-lsp-1.13.0\src
  c:\Users\tanak\.vscode\extensions\robocorp.robotframework-lsp-1.13.0\src\robotframework_ls\vendored
  C:\Users\tanak\AppData\Local\Programs\Python\Python313\python313.zip
  C:\Users\tanak\AppData\Local\Programs\Python\Python313\DLLs
  C:\Users\tanak\AppData\Local\Programs\Python\Python313\Lib
  C:\Users\tanak\AppData\Local\Programs\Python\Python313
  c:\Users\tanak\OneDrive\Desktop\Agnos repo\Agnos-test-script\.venv
  c:\Users\tanak\OneDrive\Desktop\Agnos repo\Agnos-test-script\.venv\Lib\site-packages</msg>
</errors>
</robot>
